<?xml version="1.0" encoding="UTF-8"?>
<testng-results ignored="0" total="2" passed="2" failed="0" skipped="0">
  <reporter-output>
  </reporter-output>
  <suite started-at="2026-03-12T18:15:46 IST" name="Surefire suite" finished-at="2026-03-12T18:15:53 IST" duration-ms="7172">
    <groups>
    </groups>
    <test started-at="2026-03-12T18:15:46 IST" name="Surefire test" finished-at="2026-03-12T18:15:53 IST" duration-ms="7172">
      <class name="restAssured.SimpleTest">
        <test-method signature="testGetUsers()[pri:0, instance:restAssured.SimpleTest@2f177a4b]" started-at="2026-03-12T18:15:51 IST" name="testGetUsers" finished-at="2026-03-12T18:15:53 IST" duration-ms="1508" status="PASS">
          <reporter-output>
          </reporter-output>
        </test-method> <!-- testGetUsers -->
      </class> <!-- restAssured.SimpleTest -->
      <class name="com.api.tests.GetProfileRequestTest">
        <test-method signature="getProfileInfo()[pri:0, instance:com.api.tests.GetProfileRequestTest@3b07a0d6]" started-at="2026-03-12T18:15:46 IST" name="getProfileInfo" description="Get profile request api test" finished-at="2026-03-12T18:15:51 IST" duration-ms="5570" status="PASS">
          <reporter-output>
          </reporter-output>
        </test-method> <!-- getProfileInfo -->
      </class> <!-- com.api.tests.GetProfileRequestTest -->
    </test> <!-- Surefire test -->
  </suite> <!-- Surefire suite -->
</testng-results>
