-------------------------------------------------------------------------------
Test set: TestSuite
-------------------------------------------------------------------------------
Tests run: 1, Failures: 1, Errors: 0, Skipped: 0, Time elapsed: 7.703 s <<< FAILURE! - in TestSuite
com.api.tests.FinalLoginAPI.LoginTest  Time elapsed: 1.589 s  <<< FAILURE!
java.net.MalformedURLException: no protocol: ${BASE_URL:http://64.227.160.186:8080}
	at com.api.tests.FinalLoginAPI.LoginTest(FinalLoginAPI.java:24)

