<?xml version="1.0" encoding="UTF-8"?>
<testng-results ignored="0" total="1" passed="1" failed="0" skipped="0">
  <reporter-output>
  </reporter-output>
  <suite started-at="2026-03-11T12:40:41 IST" name="Default suite" finished-at="2026-03-11T12:40:45 IST" duration-ms="3974">
    <groups>
    </groups>
    <test started-at="2026-03-11T12:40:41 IST" name="Default test" finished-at="2026-03-11T12:40:45 IST" duration-ms="3974">
      <class name="com.api.tests.FinalLoginAPI">
        <test-method signature="LoginTest()[pri:0, instance:com.api.tests.FinalLoginAPI@acb0951]" started-at="2026-03-11T12:40:41 IST" name="LoginTest" description="Verify If Login API is working or not" finished-at="2026-03-11T12:40:45 IST" duration-ms="3872" status="PASS">
          <reporter-output>
          </reporter-output>
        </test-method> <!-- LoginTest -->
      </class> <!-- com.api.tests.FinalLoginAPI -->
    </test> <!-- Default test -->
  </suite> <!-- Default suite -->
</testng-results>
